INFO 18/Feb/2021 16:09:48 autoreload 71143 4393098752 Watching for file changes with StatReloader
ERROR 18/Feb/2021 16:09:56 log 71143 123145502838784 Internal Server Error: /cabinet
Traceback (most recent call last):
  File "/Library/Frameworks/Python.framework/Versions/3.7/lib/python3.7/site-packages/django/urls/base.py", line 72, in reverse
    extra, resolver = resolver.namespace_dict[ns]
KeyError: 'users'

During handling of the above exception, another exception occurred:

Traceback (most recent call last):
  File "/Library/Frameworks/Python.framework/Versions/3.7/lib/python3.7/site-packages/django/core/handlers/exception.py", line 47, in inner
    response = get_response(request)
  File "/Library/Frameworks/Python.framework/Versions/3.7/lib/python3.7/site-packages/django/core/handlers/base.py", line 179, in _get_response
    response = wrapped_callback(request, *callback_args, **callback_kwargs)
  File "/Users/va.efimov/Desktop/Python/Django/student/main/views.py", line 16, in cabinet
    return render(request, "cabinet/cabinet.html")
  File "/Library/Frameworks/Python.framework/Versions/3.7/lib/python3.7/site-packages/django/shortcuts.py", line 19, in render
    content = loader.render_to_string(template_name, context, request, using=using)
  File "/Library/Frameworks/Python.framework/Versions/3.7/lib/python3.7/site-packages/django/template/loader.py", line 62, in render_to_string
    return template.render(context, request)
  File "/Library/Frameworks/Python.framework/Versions/3.7/lib/python3.7/site-packages/django/template/backends/django.py", line 61, in render
    return self.template.render(context)
  File "/Library/Frameworks/Python.framework/Versions/3.7/lib/python3.7/site-packages/django/template/base.py", line 170, in render
    return self._render(context)
  File "/Library/Frameworks/Python.framework/Versions/3.7/lib/python3.7/site-packages/django/template/base.py", line 162, in _render
    return self.nodelist.render(context)
  File "/Library/Frameworks/Python.framework/Versions/3.7/lib/python3.7/site-packages/django/template/base.py", line 938, in render
    bit = node.render_annotated(context)
  File "/Library/Frameworks/Python.framework/Versions/3.7/lib/python3.7/site-packages/django/template/base.py", line 905, in render_annotated
    return self.render(context)
  File "/Library/Frameworks/Python.framework/Versions/3.7/lib/python3.7/site-packages/django/template/loader_tags.py", line 150, in render
    return compiled_parent._render(context)
  File "/Library/Frameworks/Python.framework/Versions/3.7/lib/python3.7/site-packages/django/template/base.py", line 162, in _render
    return self.nodelist.render(context)
  File "/Library/Frameworks/Python.framework/Versions/3.7/lib/python3.7/site-packages/django/template/base.py", line 938, in render
    bit = node.render_annotated(context)
  File "/Library/Frameworks/Python.framework/Versions/3.7/lib/python3.7/site-packages/django/template/base.py", line 905, in render_annotated
    return self.render(context)
  File "/Library/Frameworks/Python.framework/Versions/3.7/lib/python3.7/site-packages/django/template/loader_tags.py", line 62, in render
    result = block.nodelist.render(context)
  File "/Library/Frameworks/Python.framework/Versions/3.7/lib/python3.7/site-packages/django/template/base.py", line 938, in render
    bit = node.render_annotated(context)
  File "/Library/Frameworks/Python.framework/Versions/3.7/lib/python3.7/site-packages/django/template/base.py", line 905, in render_annotated
    return self.render(context)
  File "/Library/Frameworks/Python.framework/Versions/3.7/lib/python3.7/site-packages/django/template/defaulttags.py", line 446, in render
    url = reverse(view_name, args=args, kwargs=kwargs, current_app=current_app)
  File "/Library/Frameworks/Python.framework/Versions/3.7/lib/python3.7/site-packages/django/urls/base.py", line 83, in reverse
    raise NoReverseMatch("%s is not a registered namespace" % key)
django.urls.exceptions.NoReverseMatch: 'users' is not a registered namespace
ERROR 18/Feb/2021 16:09:56 basehttp 71143 123145502838784 "GET /cabinet HTTP/1.1" 500 150986
INFO 18/Feb/2021 16:10:32 autoreload 71143 4393098752 /Users/va.efimov/Desktop/Python/Django/student/student/urls.py changed, reloading.
INFO 18/Feb/2021 16:10:35 autoreload 71188 4633845248 Watching for file changes with StatReloader
INFO 18/Feb/2021 16:10:44 autoreload 71188 4633845248 /Users/va.efimov/Desktop/Python/Django/student/student/urls.py changed, reloading.
INFO 18/Feb/2021 16:10:45 autoreload 71203 4550983168 Watching for file changes with StatReloader
ERROR 18/Feb/2021 16:10:48 log 71203 123145524772864 Internal Server Error: /cabinet
Traceback (most recent call last):
  File "/Library/Frameworks/Python.framework/Versions/3.7/lib/python3.7/site-packages/django/core/handlers/exception.py", line 47, in inner
    response = get_response(request)
  File "/Library/Frameworks/Python.framework/Versions/3.7/lib/python3.7/site-packages/django/core/handlers/base.py", line 179, in _get_response
    response = wrapped_callback(request, *callback_args, **callback_kwargs)
  File "/Users/va.efimov/Desktop/Python/Django/student/main/views.py", line 16, in cabinet
    return render(request, "cabinet/cabinet.html")
  File "/Library/Frameworks/Python.framework/Versions/3.7/lib/python3.7/site-packages/django/shortcuts.py", line 19, in render
    content = loader.render_to_string(template_name, context, request, using=using)
  File "/Library/Frameworks/Python.framework/Versions/3.7/lib/python3.7/site-packages/django/template/loader.py", line 62, in render_to_string
    return template.render(context, request)
  File "/Library/Frameworks/Python.framework/Versions/3.7/lib/python3.7/site-packages/django/template/backends/django.py", line 61, in render
    return self.template.render(context)
  File "/Library/Frameworks/Python.framework/Versions/3.7/lib/python3.7/site-packages/django/template/base.py", line 170, in render
    return self._render(context)
  File "/Library/Frameworks/Python.framework/Versions/3.7/lib/python3.7/site-packages/django/template/base.py", line 162, in _render
    return self.nodelist.render(context)
  File "/Library/Frameworks/Python.framework/Versions/3.7/lib/python3.7/site-packages/django/template/base.py", line 938, in render
    bit = node.render_annotated(context)
  File "/Library/Frameworks/Python.framework/Versions/3.7/lib/python3.7/site-packages/django/template/base.py", line 905, in render_annotated
    return self.render(context)
  File "/Library/Frameworks/Python.framework/Versions/3.7/lib/python3.7/site-packages/django/template/loader_tags.py", line 150, in render
    return compiled_parent._render(context)
  File "/Library/Frameworks/Python.framework/Versions/3.7/lib/python3.7/site-packages/django/template/base.py", line 162, in _render
    return self.nodelist.render(context)
  File "/Library/Frameworks/Python.framework/Versions/3.7/lib/python3.7/site-packages/django/template/base.py", line 938, in render
    bit = node.render_annotated(context)
  File "/Library/Frameworks/Python.framework/Versions/3.7/lib/python3.7/site-packages/django/template/base.py", line 905, in render_annotated
    return self.render(context)
  File "/Library/Frameworks/Python.framework/Versions/3.7/lib/python3.7/site-packages/django/template/loader_tags.py", line 62, in render
    result = block.nodelist.render(context)
  File "/Library/Frameworks/Python.framework/Versions/3.7/lib/python3.7/site-packages/django/template/base.py", line 938, in render
    bit = node.render_annotated(context)
  File "/Library/Frameworks/Python.framework/Versions/3.7/lib/python3.7/site-packages/django/template/base.py", line 905, in render_annotated
    return self.render(context)
  File "/Library/Frameworks/Python.framework/Versions/3.7/lib/python3.7/site-packages/django/template/defaulttags.py", line 446, in render
    url = reverse(view_name, args=args, kwargs=kwargs, current_app=current_app)
  File "/Library/Frameworks/Python.framework/Versions/3.7/lib/python3.7/site-packages/django/urls/base.py", line 87, in reverse
    return iri_to_uri(resolver._reverse_with_prefix(view, prefix, *args, **kwargs))
  File "/Library/Frameworks/Python.framework/Versions/3.7/lib/python3.7/site-packages/django/urls/resolvers.py", line 685, in _reverse_with_prefix
    raise NoReverseMatch(msg)
django.urls.exceptions.NoReverseMatch: Reverse for 'logout' not found. 'logout' is not a valid view function or pattern name.
ERROR 18/Feb/2021 16:10:48 log 71203 123145530028032 Internal Server Error: /cabinet
Traceback (most recent call last):
  File "/Library/Frameworks/Python.framework/Versions/3.7/lib/python3.7/site-packages/django/core/handlers/exception.py", line 47, in inner
    response = get_response(request)
  File "/Library/Frameworks/Python.framework/Versions/3.7/lib/python3.7/site-packages/django/core/handlers/base.py", line 179, in _get_response
    response = wrapped_callback(request, *callback_args, **callback_kwargs)
  File "/Users/va.efimov/Desktop/Python/Django/student/main/views.py", line 16, in cabinet
    return render(request, "cabinet/cabinet.html")
  File "/Library/Frameworks/Python.framework/Versions/3.7/lib/python3.7/site-packages/django/shortcuts.py", line 19, in render
    content = loader.render_to_string(template_name, context, request, using=using)
  File "/Library/Frameworks/Python.framework/Versions/3.7/lib/python3.7/site-packages/django/template/loader.py", line 62, in render_to_string
    return template.render(context, request)
  File "/Library/Frameworks/Python.framework/Versions/3.7/lib/python3.7/site-packages/django/template/backends/django.py", line 61, in render
    return self.template.render(context)
  File "/Library/Frameworks/Python.framework/Versions/3.7/lib/python3.7/site-packages/django/template/base.py", line 170, in render
    return self._render(context)
  File "/Library/Frameworks/Python.framework/Versions/3.7/lib/python3.7/site-packages/django/template/base.py", line 162, in _render
    return self.nodelist.render(context)
  File "/Library/Frameworks/Python.framework/Versions/3.7/lib/python3.7/site-packages/django/template/base.py", line 938, in render
    bit = node.render_annotated(context)
  File "/Library/Frameworks/Python.framework/Versions/3.7/lib/python3.7/site-packages/django/template/base.py", line 905, in render_annotated
    return self.render(context)
  File "/Library/Frameworks/Python.framework/Versions/3.7/lib/python3.7/site-packages/django/template/loader_tags.py", line 150, in render
    return compiled_parent._render(context)
  File "/Library/Frameworks/Python.framework/Versions/3.7/lib/python3.7/site-packages/django/template/base.py", line 162, in _render
    return self.nodelist.render(context)
  File "/Library/Frameworks/Python.framework/Versions/3.7/lib/python3.7/site-packages/django/template/base.py", line 938, in render
    bit = node.render_annotated(context)
  File "/Library/Frameworks/Python.framework/Versions/3.7/lib/python3.7/site-packages/django/template/base.py", line 905, in render_annotated
    return self.render(context)
  File "/Library/Frameworks/Python.framework/Versions/3.7/lib/python3.7/site-packages/django/template/loader_tags.py", line 62, in render
    result = block.nodelist.render(context)
  File "/Library/Frameworks/Python.framework/Versions/3.7/lib/python3.7/site-packages/django/template/base.py", line 938, in render
    bit = node.render_annotated(context)
  File "/Library/Frameworks/Python.framework/Versions/3.7/lib/python3.7/site-packages/django/template/base.py", line 905, in render_annotated
    return self.render(context)
  File "/Library/Frameworks/Python.framework/Versions/3.7/lib/python3.7/site-packages/django/template/defaulttags.py", line 446, in render
    url = reverse(view_name, args=args, kwargs=kwargs, current_app=current_app)
  File "/Library/Frameworks/Python.framework/Versions/3.7/lib/python3.7/site-packages/django/urls/base.py", line 87, in reverse
    return iri_to_uri(resolver._reverse_with_prefix(view, prefix, *args, **kwargs))
  File "/Library/Frameworks/Python.framework/Versions/3.7/lib/python3.7/site-packages/django/urls/resolvers.py", line 685, in _reverse_with_prefix
    raise NoReverseMatch(msg)
django.urls.exceptions.NoReverseMatch: Reverse for 'logout' not found. 'logout' is not a valid view function or pattern name.
ERROR 18/Feb/2021 16:10:49 basehttp 71203 123145530028032 "GET /cabinet HTTP/1.1" 500 149964
INFO 18/Feb/2021 16:11:04 autoreload 71203 4550983168 /Users/va.efimov/Desktop/Python/Django/student/users/views.py changed, reloading.
INFO 18/Feb/2021 16:11:05 autoreload 71224 4348149248 Watching for file changes with StatReloader
INFO 18/Feb/2021 16:11:14 autoreload 71224 4348149248 /Users/va.efimov/Desktop/Python/Django/student/users/views.py changed, reloading.
INFO 18/Feb/2021 16:11:16 autoreload 71245 4626890240 Watching for file changes with StatReloader
INFO 18/Feb/2021 16:12:23 autoreload 71245 4626890240 /Users/va.efimov/Desktop/Python/Django/student/users/views.py changed, reloading.
INFO 18/Feb/2021 16:12:26 autoreload 71335 4549893632 Watching for file changes with StatReloader
INFO 18/Feb/2021 16:12:48 autoreload 71335 4549893632 /Users/va.efimov/Desktop/Python/Django/student/users/urls.py changed, reloading.
INFO 18/Feb/2021 16:12:49 autoreload 71421 4620865024 Watching for file changes with StatReloader
INFO 18/Feb/2021 16:12:51 basehttp 71421 123145327165440 "GET /cabinet HTTP/1.1" 200 5844
INFO 18/Feb/2021 16:12:51 basehttp 71421 123145327165440 "GET /static/css/styles.css HTTP/1.1" 304 0
INFO 18/Feb/2021 16:12:54 basehttp 71421 123145327165440 "GET /auth/logout HTTP/1.1" 302 0
INFO 18/Feb/2021 16:12:54 basehttp 71421 123145327165440 "GET / HTTP/1.1" 200 5862
INFO 18/Feb/2021 16:12:58 basehttp 71421 123145327165440 "GET / HTTP/1.1" 200 5862
INFO 18/Feb/2021 16:13:13 autoreload 71421 4620865024 /Users/va.efimov/Desktop/Python/Django/student/users/urls.py changed, reloading.
INFO 18/Feb/2021 16:13:15 autoreload 71456 4456705536 Watching for file changes with StatReloader
INFO 18/Feb/2021 16:13:30 autoreload 71456 4456705536 /Users/va.efimov/Desktop/Python/Django/student/users/views.py changed, reloading.
INFO 18/Feb/2021 16:13:31 autoreload 71498 4555992576 Watching for file changes with StatReloader
INFO 18/Feb/2021 16:13:46 autoreload 71498 4555992576 /Users/va.efimov/Desktop/Python/Django/student/users/urls.py changed, reloading.
INFO 18/Feb/2021 16:13:47 autoreload 71516 4374932992 Watching for file changes with StatReloader
INFO 18/Feb/2021 16:15:00 basehttp 71516 123145512308736 "GET / HTTP/1.1" 200 5873
ERROR 18/Feb/2021 16:15:04 log 71516 123145512308736 Internal Server Error: /auth/login
Traceback (most recent call last):
  File "/Library/Frameworks/Python.framework/Versions/3.7/lib/python3.7/site-packages/django/core/handlers/exception.py", line 47, in inner
    response = get_response(request)
  File "/Library/Frameworks/Python.framework/Versions/3.7/lib/python3.7/site-packages/django/core/handlers/base.py", line 179, in _get_response
    response = wrapped_callback(request, *callback_args, **callback_kwargs)
  File "/Users/va.efimov/Desktop/Python/Django/student/users/views.py", line 10, in login_page
    return render(request, "login.html")
  File "/Library/Frameworks/Python.framework/Versions/3.7/lib/python3.7/site-packages/django/shortcuts.py", line 19, in render
    content = loader.render_to_string(template_name, context, request, using=using)
  File "/Library/Frameworks/Python.framework/Versions/3.7/lib/python3.7/site-packages/django/template/loader.py", line 61, in render_to_string
    template = get_template(template_name, using=using)
  File "/Library/Frameworks/Python.framework/Versions/3.7/lib/python3.7/site-packages/django/template/loader.py", line 19, in get_template
    raise TemplateDoesNotExist(template_name, chain=chain)
django.template.exceptions.TemplateDoesNotExist: login.html
ERROR 18/Feb/2021 16:15:04 basehttp 71516 123145512308736 "GET /auth/login HTTP/1.1" 500 71477
INFO 18/Feb/2021 16:15:20 autoreload 71516 4374932992 /Users/va.efimov/Desktop/Python/Django/student/users/views.py changed, reloading.
INFO 18/Feb/2021 16:15:21 autoreload 71585 4552457728 Watching for file changes with StatReloader
ERROR 18/Feb/2021 16:15:23 log 71585 123145580380160 Internal Server Error: /auth/login
Traceback (most recent call last):
  File "/Library/Frameworks/Python.framework/Versions/3.7/lib/python3.7/site-packages/django/core/handlers/exception.py", line 47, in inner
    response = get_response(request)
  File "/Library/Frameworks/Python.framework/Versions/3.7/lib/python3.7/site-packages/django/core/handlers/base.py", line 179, in _get_response
    response = wrapped_callback(request, *callback_args, **callback_kwargs)
  File "/Users/va.efimov/Desktop/Python/Django/student/users/views.py", line 10, in login_page
    return render(request, "users:login.html")
  File "/Library/Frameworks/Python.framework/Versions/3.7/lib/python3.7/site-packages/django/shortcuts.py", line 19, in render
    content = loader.render_to_string(template_name, context, request, using=using)
  File "/Library/Frameworks/Python.framework/Versions/3.7/lib/python3.7/site-packages/django/template/loader.py", line 61, in render_to_string
    template = get_template(template_name, using=using)
  File "/Library/Frameworks/Python.framework/Versions/3.7/lib/python3.7/site-packages/django/template/loader.py", line 19, in get_template
    raise TemplateDoesNotExist(template_name, chain=chain)
django.template.exceptions.TemplateDoesNotExist: users:login.html
ERROR 18/Feb/2021 16:15:23 basehttp 71585 123145580380160 "GET /auth/login HTTP/1.1" 500 71710
INFO 18/Feb/2021 16:16:01 autoreload 71585 4552457728 /Users/va.efimov/Desktop/Python/Django/student/student/settings.py changed, reloading.
INFO 18/Feb/2021 16:16:03 autoreload 71623 4640239104 Watching for file changes with StatReloader
INFO 18/Feb/2021 16:16:17 autoreload 71623 4640239104 /Users/va.efimov/Desktop/Python/Django/student/users/apps.py changed, reloading.
INFO 18/Feb/2021 16:16:18 autoreload 71699 4512353792 Watching for file changes with StatReloader
INFO 18/Feb/2021 16:17:06 autoreload 71699 4512353792 /Users/va.efimov/Desktop/Python/Django/student/student/settings.py changed, reloading.
INFO 18/Feb/2021 16:17:08 autoreload 71716 4528885248 Watching for file changes with StatReloader
INFO 18/Feb/2021 16:17:44 autoreload 71716 4528885248 /Users/va.efimov/Desktop/Python/Django/student/student/settings.py changed, reloading.
INFO 18/Feb/2021 16:17:45 autoreload 71734 4613840384 Watching for file changes with StatReloader
INFO 18/Feb/2021 16:17:48 autoreload 71734 4613840384 /Users/va.efimov/Desktop/Python/Django/student/users/models.py changed, reloading.
INFO 18/Feb/2021 16:17:49 autoreload 71742 4475399680 Watching for file changes with StatReloader
INFO 18/Feb/2021 16:18:41 autoreload 71797 4700577280 Watching for file changes with StatReloader
INFO 18/Feb/2021 16:19:17 autoreload 71797 4700577280 /Users/va.efimov/Desktop/Python/Django/student/main/models.py changed, reloading.
INFO 18/Feb/2021 16:19:18 autoreload 71867 4484922880 Watching for file changes with StatReloader
INFO 18/Feb/2021 16:19:26 autoreload 71867 4484922880 /Users/va.efimov/Desktop/Python/Django/student/main/models.py changed, reloading.
INFO 18/Feb/2021 16:19:27 autoreload 71895 4705254912 Watching for file changes with StatReloader
INFO 18/Feb/2021 16:19:44 autoreload 71895 4705254912 /Users/va.efimov/Desktop/Python/Django/student/main/models.py changed, reloading.
INFO 18/Feb/2021 16:19:45 autoreload 71922 4560539136 Watching for file changes with StatReloader
INFO 18/Feb/2021 16:20:05 autoreload 71951 4566457856 Watching for file changes with StatReloader
WARNING 18/Feb/2021 16:20:08 basehttp 71951 123145481084928 "GET /admin/auth/user/1/change/ HTTP/1.1" 404 4600
INFO 18/Feb/2021 16:20:15 basehttp 71951 123145481084928 "GET /admin/ HTTP/1.1" 302 0
INFO 18/Feb/2021 16:20:15 basehttp 71951 123145481084928 "GET /admin/login/?next=/admin/ HTTP/1.1" 200 2283
INFO 18/Feb/2021 16:24:34 basehttp 71951 123145481084928 "POST /admin/login/?next=/admin/ HTTP/1.1" 200 2549
INFO 18/Feb/2021 16:25:01 basehttp 71951 123145481084928 "POST /admin/login/?next=/admin/ HTTP/1.1" 302 0
INFO 18/Feb/2021 16:25:01 basehttp 71951 123145481084928 "GET /admin/ HTTP/1.1" 200 4361
INFO 18/Feb/2021 16:25:06 basehttp 71951 123145481084928 "GET /admin/main/discipline/ HTTP/1.1" 200 7774
INFO 18/Feb/2021 16:25:06 basehttp 71951 123145481084928 "GET /admin/jsi18n/ HTTP/1.1" 200 14892
INFO 18/Feb/2021 16:25:13 basehttp 71951 123145481084928 "GET /admin/auth/group/ HTTP/1.1" 200 5675
INFO 18/Feb/2021 16:25:13 basehttp 71951 123145481084928 "GET /admin/jsi18n/ HTTP/1.1" 200 14892
INFO 18/Feb/2021 16:25:19 basehttp 71951 123145481084928 "GET /admin/auth/group/add/ HTTP/1.1" 200 9647
INFO 18/Feb/2021 16:25:19 basehttp 71951 123145481084928 "GET /admin/jsi18n/ HTTP/1.1" 200 14892
INFO 18/Feb/2021 16:25:32 basehttp 71951 123145481084928 "POST /admin/auth/group/add/ HTTP/1.1" 302 0
INFO 18/Feb/2021 16:25:32 basehttp 71951 123145481084928 "GET /admin/auth/group/ HTTP/1.1" 200 7170
INFO 18/Feb/2021 16:25:33 basehttp 71951 123145481084928 "GET /admin/jsi18n/ HTTP/1.1" 200 14892
INFO 18/Feb/2021 16:26:48 autoreload 71951 4566457856 /Users/va.efimov/Desktop/Python/Django/student/users/admin.py changed, reloading.
INFO 18/Feb/2021 16:26:49 autoreload 72402 4457770496 Watching for file changes with StatReloader
INFO 18/Feb/2021 16:26:52 basehttp 72402 123145562599424 "GET /admin/auth/group/ HTTP/1.1" 200 7532
INFO 18/Feb/2021 16:26:52 basehttp 72402 123145562599424 "GET /admin/jsi18n/ HTTP/1.1" 200 14892
INFO 18/Feb/2021 16:26:57 basehttp 72402 123145562599424 "GET /admin/users/user/ HTTP/1.1" 200 8886
INFO 18/Feb/2021 16:26:57 basehttp 72402 123145562599424 "GET /admin/jsi18n/ HTTP/1.1" 200 14892
INFO 18/Feb/2021 16:27:31 autoreload 72402 4457770496 /Users/va.efimov/Desktop/Python/Django/student/users/admin.py changed, reloading.
INFO 18/Feb/2021 16:27:33 autoreload 72469 4327599616 Watching for file changes with StatReloader
INFO 18/Feb/2021 16:29:11 autoreload 72469 4327599616 /Users/va.efimov/Desktop/Python/Django/student/users/admin.py changed, reloading.
INFO 18/Feb/2021 16:29:12 autoreload 72647 4523163136 Watching for file changes with StatReloader
ERROR 18/Feb/2021 16:29:16 log 72647 123145359265792 Internal Server Error: /admin/users/user/1/change/
Traceback (most recent call last):
  File "/Library/Frameworks/Python.framework/Versions/3.7/lib/python3.7/site-packages/django/contrib/admin/options.py", line 709, in get_form
    return modelform_factory(self.model, **defaults)
  File "/Library/Frameworks/Python.framework/Versions/3.7/lib/python3.7/site-packages/django/forms/models.py", line 555, in modelform_factory
    return type(form)(class_name, (form,), form_class_attrs)
  File "/Library/Frameworks/Python.framework/Versions/3.7/lib/python3.7/site-packages/django/forms/models.py", line 268, in __new__
    raise FieldError(message)
django.core.exceptions.FieldError: Unknown field(s) (permissions) specified for User

During handling of the above exception, another exception occurred:

Traceback (most recent call last):
  File "/Library/Frameworks/Python.framework/Versions/3.7/lib/python3.7/site-packages/django/core/handlers/exception.py", line 47, in inner
    response = get_response(request)
  File "/Library/Frameworks/Python.framework/Versions/3.7/lib/python3.7/site-packages/django/core/handlers/base.py", line 179, in _get_response
    response = wrapped_callback(request, *callback_args, **callback_kwargs)
  File "/Library/Frameworks/Python.framework/Versions/3.7/lib/python3.7/site-packages/django/contrib/admin/options.py", line 614, in wrapper
    return self.admin_site.admin_view(view)(*args, **kwargs)
  File "/Library/Frameworks/Python.framework/Versions/3.7/lib/python3.7/site-packages/django/utils/decorators.py", line 130, in _wrapped_view
    response = view_func(request, *args, **kwargs)
  File "/Library/Frameworks/Python.framework/Versions/3.7/lib/python3.7/site-packages/django/views/decorators/cache.py", line 44, in _wrapped_view_func
    response = view_func(request, *args, **kwargs)
  File "/Library/Frameworks/Python.framework/Versions/3.7/lib/python3.7/site-packages/django/contrib/admin/sites.py", line 233, in inner
    return view(request, *args, **kwargs)
  File "/Library/Frameworks/Python.framework/Versions/3.7/lib/python3.7/site-packages/django/contrib/admin/options.py", line 1656, in change_view
    return self.changeform_view(request, object_id, form_url, extra_context)
  File "/Library/Frameworks/Python.framework/Versions/3.7/lib/python3.7/site-packages/django/utils/decorators.py", line 43, in _wrapper
    return bound_method(*args, **kwargs)
  File "/Library/Frameworks/Python.framework/Versions/3.7/lib/python3.7/site-packages/django/utils/decorators.py", line 130, in _wrapped_view
    response = view_func(request, *args, **kwargs)
  File "/Library/Frameworks/Python.framework/Versions/3.7/lib/python3.7/site-packages/django/contrib/admin/options.py", line 1534, in changeform_view
    return self._changeform_view(request, object_id, form_url, extra_context)
  File "/Library/Frameworks/Python.framework/Versions/3.7/lib/python3.7/site-packages/django/contrib/admin/options.py", line 1569, in _changeform_view
    request, obj, change=not add, fields=flatten_fieldsets(fieldsets)
  File "/Library/Frameworks/Python.framework/Versions/3.7/lib/python3.7/site-packages/django/contrib/admin/options.py", line 713, in get_form
    % (e, self.__class__.__name__)
django.core.exceptions.FieldError: Unknown field(s) (permissions) specified for User. Check fields/fieldsets/exclude attributes of class UserAdmin.
ERROR 18/Feb/2021 16:29:17 basehttp 72647 123145359265792 "GET /admin/users/user/1/change/ HTTP/1.1" 500 127882
INFO 18/Feb/2021 16:30:35 autoreload 72647 4523163136 /Users/va.efimov/Desktop/Python/Django/student/users/admin.py changed, reloading.
INFO 18/Feb/2021 16:30:37 autoreload 72680 4459208192 Watching for file changes with StatReloader
INFO 18/Feb/2021 16:30:39 autoreload 72680 4459208192 /Users/va.efimov/Desktop/Python/Django/student/users/admin.py changed, reloading.
INFO 18/Feb/2021 16:30:40 autoreload 72691 4522114560 Watching for file changes with StatReloader
INFO 18/Feb/2021 16:31:04 autoreload 72691 4522114560 /Users/va.efimov/Desktop/Python/Django/student/users/admin.py changed, reloading.
INFO 18/Feb/2021 16:31:06 autoreload 72746 4584263168 Watching for file changes with StatReloader
INFO 18/Feb/2021 16:31:12 autoreload 72746 4584263168 /Users/va.efimov/Desktop/Python/Django/student/users/admin.py changed, reloading.
INFO 18/Feb/2021 16:31:14 autoreload 72759 4435820032 Watching for file changes with StatReloader
INFO 18/Feb/2021 16:31:19 autoreload 72759 4435820032 /Users/va.efimov/Desktop/Python/Django/student/users/admin.py changed, reloading.
INFO 18/Feb/2021 16:31:20 autoreload 72804 4571196928 Watching for file changes with StatReloader
INFO 18/Feb/2021 16:31:21 basehttp 72804 123145406717952 "GET /admin/users/user/1/change/ HTTP/1.1" 200 18531
INFO 18/Feb/2021 16:31:21 basehttp 72804 123145406717952 "GET /admin/jsi18n/ HTTP/1.1" 200 14892
INFO 18/Feb/2021 16:33:27 autoreload 72804 4571196928 /Users/va.efimov/Desktop/Python/Django/student/users/admin.py changed, reloading.
INFO 18/Feb/2021 16:33:29 autoreload 72921 4565315072 Watching for file changes with StatReloader
INFO 18/Feb/2021 16:33:35 basehttp 72921 123145441439744 "GET /admin/users/user/1/change/ HTTP/1.1" 200 19258
INFO 18/Feb/2021 16:33:35 basehttp 72921 123145441439744 "GET /admin/jsi18n/ HTTP/1.1" 200 14892
INFO 18/Feb/2021 16:34:05 autoreload 72921 4565315072 /Users/va.efimov/Desktop/Python/Django/student/users/admin.py changed, reloading.
INFO 18/Feb/2021 16:34:06 autoreload 72959 4682804736 Watching for file changes with StatReloader
ERROR 18/Feb/2021 16:34:27 log 72959 123145535799296 Internal Server Error: /auth/login
Traceback (most recent call last):
  File "/Library/Frameworks/Python.framework/Versions/3.7/lib/python3.7/site-packages/django/core/handlers/exception.py", line 47, in inner
    response = get_response(request)
  File "/Library/Frameworks/Python.framework/Versions/3.7/lib/python3.7/site-packages/django/core/handlers/base.py", line 179, in _get_response
    response = wrapped_callback(request, *callback_args, **callback_kwargs)
  File "/Users/va.efimov/Desktop/Python/Django/student/users/views.py", line 10, in login_page
    return render(request, "users:login.html")
  File "/Library/Frameworks/Python.framework/Versions/3.7/lib/python3.7/site-packages/django/shortcuts.py", line 19, in render
    content = loader.render_to_string(template_name, context, request, using=using)
  File "/Library/Frameworks/Python.framework/Versions/3.7/lib/python3.7/site-packages/django/template/loader.py", line 61, in render_to_string
    template = get_template(template_name, using=using)
  File "/Library/Frameworks/Python.framework/Versions/3.7/lib/python3.7/site-packages/django/template/loader.py", line 19, in get_template
    raise TemplateDoesNotExist(template_name, chain=chain)
django.template.exceptions.TemplateDoesNotExist: users:login.html
ERROR 18/Feb/2021 16:34:27 basehttp 72959 123145535799296 "GET /auth/login HTTP/1.1" 500 72374
INFO 18/Feb/2021 16:34:47 autoreload 72959 4682804736 /Users/va.efimov/Desktop/Python/Django/student/users/views.py changed, reloading.
INFO 18/Feb/2021 16:34:49 autoreload 73022 4665290240 Watching for file changes with StatReloader
INFO 18/Feb/2021 16:35:10 autoreload 73022 4665290240 /Users/va.efimov/Desktop/Python/Django/student/users/admin.py changed, reloading.
INFO 18/Feb/2021 16:35:11 autoreload 73052 4579986944 Watching for file changes with StatReloader
INFO 18/Feb/2021 16:35:19 basehttp 73052 123145335656448 "GET /auth/login HTTP/1.1" 200 4054
INFO 18/Feb/2021 16:35:19 basehttp 73052 123145335656448 "GET /static/css/styles.css HTTP/1.1" 304 0
INFO 18/Feb/2021 16:39:06 basehttp 73052 123145335656448 "GET /auth/login HTTP/1.1" 200 5157
INFO 18/Feb/2021 16:39:41 basehttp 73052 123145335656448 "GET /auth/login HTTP/1.1" 200 5284
INFO 18/Feb/2021 16:41:46 basehttp 73052 123145335656448 "GET /auth/login HTTP/1.1" 200 5218
INFO 18/Feb/2021 16:42:32 basehttp 73052 123145335656448 "GET /auth/login HTTP/1.1" 200 5230
INFO 18/Feb/2021 16:44:24 basehttp 73052 123145335656448 "GET /auth/login HTTP/1.1" 200 5250
INFO 18/Feb/2021 16:44:25 basehttp 73052 123145335656448 "GET /static/css/styles.css HTTP/1.1" 304 0
INFO 18/Feb/2021 16:44:45 basehttp 73052 123145335656448 "GET /auth/login HTTP/1.1" 200 5262
INFO 18/Feb/2021 16:45:11 basehttp 73052 123145335656448 "GET /auth/login HTTP/1.1" 200 5346
INFO 18/Feb/2021 16:45:33 basehttp 73052 123145335656448 "GET /auth/login HTTP/1.1" 200 5367
INFO 18/Feb/2021 16:46:04 basehttp 73052 123145335656448 "GET /auth/login HTTP/1.1" 200 5406
INFO 18/Feb/2021 16:46:42 basehttp 73052 123145335656448 "GET /auth/login HTTP/1.1" 200 5418
INFO 18/Feb/2021 16:47:02 basehttp 73052 123145335656448 "GET /auth/login HTTP/1.1" 200 5445
INFO 18/Feb/2021 16:47:28 basehttp 73052 123145335656448 "GET /auth/login HTTP/1.1" 200 5455
INFO 18/Feb/2021 16:51:12 basehttp 73052 123145335656448 "GET /auth/login HTTP/1.1" 200 5589
INFO 18/Feb/2021 16:51:45 basehttp 73052 123145335656448 "GET /auth/login HTTP/1.1" 200 5621
INFO 18/Feb/2021 16:53:32 basehttp 73052 123145335656448 "GET /auth/login HTTP/1.1" 200 5710
INFO 18/Feb/2021 16:53:33 basehttp 73052 123145335656448 "GET /static/css/styles.css HTTP/1.1" 304 0
INFO 18/Feb/2021 16:55:05 basehttp 73052 123145335656448 "GET /auth/login HTTP/1.1" 200 5754
INFO 18/Feb/2021 16:55:20 basehttp 73052 123145335656448 "GET /auth/login HTTP/1.1" 200 5757
INFO 18/Feb/2021 16:56:09 basehttp 73052 123145335656448 "GET /auth/login HTTP/1.1" 200 5802
INFO 18/Feb/2021 16:56:18 basehttp 73052 123145335656448 "GET /auth/login HTTP/1.1" 200 5809
INFO 18/Feb/2021 16:56:28 basehttp 73052 123145335656448 "GET /auth/login HTTP/1.1" 200 5811
INFO 18/Feb/2021 16:57:37 basehttp 73052 123145335656448 "GET /auth/login HTTP/1.1" 200 5829
INFO 18/Feb/2021 16:58:40 basehttp 73052 123145335656448 "GET /auth/login HTTP/1.1" 200 5781
INFO 18/Feb/2021 16:59:22 basehttp 73052 123145335656448 "GET /auth/login HTTP/1.1" 200 5980
WARNING 18/Feb/2021 16:59:38 log 73052 123145335656448 Forbidden (CSRF token missing or incorrect.): /auth/login
WARNING 18/Feb/2021 16:59:38 basehttp 73052 123145335656448 "POST /auth/login HTTP/1.1" 403 2555
INFO 18/Feb/2021 17:00:03 basehttp 73052 123145335656448 "GET /auth/login HTTP/1.1" 200 6118
INFO 18/Feb/2021 17:01:42 basehttp 73052 123145335656448 "GET /auth/login HTTP/1.1" 200 6640
INFO 18/Feb/2021 17:01:54 basehttp 73052 123145335656448 "GET /auth/login HTTP/1.1" 200 6661
INFO 18/Feb/2021 17:02:22 basehttp 73052 123145335656448 "GET /auth/login HTTP/1.1" 200 6671
INFO 18/Feb/2021 17:02:51 basehttp 73052 123145335656448 "GET /auth/login HTTP/1.1" 200 6750
INFO 18/Feb/2021 17:03:04 basehttp 73052 123145335656448 "GET /auth/login HTTP/1.1" 200 6755
INFO 18/Feb/2021 17:03:07 basehttp 73052 123145335656448 "POST /auth/login HTTP/1.1" 200 6755
INFO 18/Feb/2021 17:03:15 basehttp 73052 123145335656448 "POST /auth/login HTTP/1.1" 200 6755
INFO 18/Feb/2021 17:03:15 basehttp 73052 123145335656448 "GET /static/css/styles.css HTTP/1.1" 304 0
INFO 18/Feb/2021 17:03:33 basehttp 73052 123145335656448 "POST /auth/login HTTP/1.1" 200 6771
INFO 18/Feb/2021 17:03:56 basehttp 73052 123145335656448 "POST /auth/login HTTP/1.1" 200 6861
INFO 18/Feb/2021 17:04:06 basehttp 73052 123145335656448 "POST /auth/login HTTP/1.1" 200 6866
INFO 18/Feb/2021 17:04:25 basehttp 73052 123145335656448 "POST /auth/login HTTP/1.1" 200 6907
INFO 18/Feb/2021 17:04:43 basehttp 73052 123145335656448 "POST /auth/login HTTP/1.1" 200 6899
INFO 18/Feb/2021 17:05:28 basehttp 73052 123145335656448 "POST /auth/login HTTP/1.1" 200 6899
INFO 18/Feb/2021 17:05:46 basehttp 73052 123145335656448 "GET /cabinet HTTP/1.1" 200 5881
INFO 18/Feb/2021 17:05:50 basehttp 73052 123145335656448 "GET /auth/logout HTTP/1.1" 302 0
INFO 18/Feb/2021 17:05:50 basehttp 73052 123145335656448 "GET / HTTP/1.1" 200 5916
INFO 18/Feb/2021 17:05:52 basehttp 73052 123145335656448 "GET /auth/login HTTP/1.1" 200 6911
INFO 18/Feb/2021 17:05:56 basehttp 73052 123145335656448 "GET /auth/login HTTP/1.1" 200 6911
INFO 18/Feb/2021 17:08:50 autoreload 73052 4579986944 /Users/va.efimov/Desktop/Python/Django/student/users/views.py changed, reloading.
INFO 18/Feb/2021 17:08:52 autoreload 74735 4447124992 Watching for file changes with StatReloader
INFO 18/Feb/2021 17:09:35 autoreload 74735 4447124992 /Users/va.efimov/Desktop/Python/Django/student/users/forms.py changed, reloading.
INFO 18/Feb/2021 17:09:37 autoreload 74842 4626001408 Watching for file changes with StatReloader
INFO 18/Feb/2021 17:10:17 autoreload 74842 4626001408 /Users/va.efimov/Desktop/Python/Django/student/users/views.py changed, reloading.
INFO 18/Feb/2021 17:10:18 autoreload 74943 4610301440 Watching for file changes with StatReloader
INFO 18/Feb/2021 17:10:42 basehttp 74943 123145473634304 "GET /auth/login HTTP/1.1" 200 6920
INFO 18/Feb/2021 17:10:54 basehttp 74943 123145473634304 "POST /auth/login HTTP/1.1" 200 6920
INFO 18/Feb/2021 17:11:17 autoreload 74943 4610301440 /Users/va.efimov/Desktop/Python/Django/student/users/views.py changed, reloading.
INFO 18/Feb/2021 17:11:18 autoreload 75011 4448820736 Watching for file changes with StatReloader
INFO 18/Feb/2021 17:11:24 basehttp 75011 123145464283136 "POST /auth/login HTTP/1.1" 200 7006
INFO 18/Feb/2021 17:12:19 autoreload 75011 4448820736 /Users/va.efimov/Desktop/Python/Django/student/users/views.py changed, reloading.
INFO 18/Feb/2021 17:12:22 autoreload 75079 4541300224 Watching for file changes with StatReloader
INFO 18/Feb/2021 17:13:40 basehttp 75079 123145521672192 "POST /auth/login HTTP/1.1" 200 6928
INFO 18/Feb/2021 17:13:53 basehttp 75079 123145521672192 "POST /auth/login HTTP/1.1" 200 6955
INFO 18/Feb/2021 17:13:53 basehttp 75079 123145521672192 "GET /static/css/styles.css HTTP/1.1" 304 0
INFO 18/Feb/2021 17:14:09 basehttp 75079 123145521672192 "POST /auth/login HTTP/1.1" 200 7123
INFO 18/Feb/2021 17:14:26 basehttp 75079 123145521672192 "POST /auth/login HTTP/1.1" 200 6968
INFO 18/Feb/2021 17:18:42 basehttp 75079 123145521672192 "GET /auth/login HTTP/1.1" 200 6928
INFO 18/Feb/2021 17:18:49 basehttp 75079 123145521672192 "POST /auth/login HTTP/1.1" 200 6928
INFO 18/Feb/2021 17:32:54 basehttp 75079 123145521672192 "POST /auth/login HTTP/1.1" 200 6944
INFO 18/Feb/2021 17:32:54 basehttp 75079 123145521672192 "GET /static/css/styles.css HTTP/1.1" 304 0
INFO 18/Feb/2021 17:33:05 basehttp 75079 123145521672192 "POST /auth/login HTTP/1.1" 200 7253
INFO 18/Feb/2021 17:34:08 basehttp 75079 123145521672192 "POST /auth/login HTTP/1.1" 200 6919
INFO 18/Feb/2021 17:35:05 basehttp 75079 123145521672192 "POST /auth/login HTTP/1.1" 200 7325
INFO 18/Feb/2021 17:36:37 basehttp 75079 123145521672192 "GET /admin/ HTTP/1.1" 302 0
INFO 18/Feb/2021 17:36:37 basehttp 75079 123145521672192 "GET /admin/login/?next=/admin/ HTTP/1.1" 200 2283
INFO 18/Feb/2021 17:36:42 basehttp 75079 123145521672192 "POST /admin/login/?next=/admin/ HTTP/1.1" 302 0
INFO 18/Feb/2021 17:36:42 basehttp 75079 123145521672192 "GET /admin/ HTTP/1.1" 200 5411
INFO 18/Feb/2021 17:36:45 basehttp 75079 123145521672192 "GET /admin/users/user/ HTTP/1.1" 200 9737
INFO 18/Feb/2021 17:36:45 basehttp 75079 123145521672192 "GET /admin/jsi18n/ HTTP/1.1" 200 14892
INFO 18/Feb/2021 17:36:47 basehttp 75079 123145521672192 "GET /admin/users/user/1/change/ HTTP/1.1" 200 19250
INFO 18/Feb/2021 17:36:47 basehttp 75079 123145521672192 "GET /admin/jsi18n/ HTTP/1.1" 200 14892
INFO 18/Feb/2021 17:36:55 basehttp 75079 123145521672192 "POST /admin/users/user/1/change/ HTTP/1.1" 302 0
INFO 18/Feb/2021 17:36:55 basehttp 75079 123145521672192 "GET /admin/users/user/ HTTP/1.1" 200 9985
INFO 18/Feb/2021 17:36:55 basehttp 75079 123145521672192 "GET /admin/jsi18n/ HTTP/1.1" 200 14892
INFO 18/Feb/2021 17:36:57 basehttp 75079 123145521672192 "GET /admin/logout/ HTTP/1.1" 200 1645
INFO 18/Feb/2021 17:36:59 basehttp 75079 123145521672192 "GET /admin/ HTTP/1.1" 302 0
INFO 18/Feb/2021 17:36:59 basehttp 75079 123145521672192 "GET /admin/login/?next=/admin/ HTTP/1.1" 200 2283
INFO 18/Feb/2021 17:37:01 basehttp 75079 123145521672192 "GET / HTTP/1.1" 200 5916
INFO 18/Feb/2021 17:37:02 basehttp 75079 123145521672192 "GET /auth/login HTTP/1.1" 200 6953
INFO 18/Feb/2021 17:37:13 basehttp 75079 123145521672192 "POST /auth/login HTTP/1.1" 200 6953
INFO 18/Feb/2021 17:37:33 basehttp 75079 123145521672192 "POST /auth/login HTTP/1.1" 200 6972
INFO 18/Feb/2021 17:38:49 autoreload 75079 4541300224 /Users/va.efimov/Desktop/Python/Django/student/users/views.py changed, reloading.
INFO 18/Feb/2021 17:38:52 autoreload 75950 4557958656 Watching for file changes with StatReloader
INFO 18/Feb/2021 17:40:45 autoreload 75950 4557958656 /Users/va.efimov/Desktop/Python/Django/student/student/settings.py changed, reloading.
INFO 18/Feb/2021 17:40:46 autoreload 76073 4763581952 Watching for file changes with StatReloader
ERROR 18/Feb/2021 17:41:28 log 76073 123145400254464 Internal Server Error: /auth/login
Traceback (most recent call last):
  File "/Library/Frameworks/Python.framework/Versions/3.7/lib/python3.7/site-packages/django/core/handlers/exception.py", line 47, in inner
    response = get_response(request)
  File "/Library/Frameworks/Python.framework/Versions/3.7/lib/python3.7/site-packages/django/core/handlers/base.py", line 179, in _get_response
    response = wrapped_callback(request, *callback_args, **callback_kwargs)
  File "/Users/va.efimov/Desktop/Python/Django/student/users/views.py", line 16, in login_page
    user = authenticate()
  File "/Library/Frameworks/Python.framework/Versions/3.7/lib/python3.7/site-packages/django/contrib/auth/__init__.py", line 65, in authenticate
    for backend, backend_path in _get_backends(return_tuples=True):
  File "/Library/Frameworks/Python.framework/Versions/3.7/lib/python3.7/site-packages/django/contrib/auth/__init__.py", line 26, in _get_backends
    backend = load_backend(backend_path)
  File "/Library/Frameworks/Python.framework/Versions/3.7/lib/python3.7/site-packages/django/contrib/auth/__init__.py", line 20, in load_backend
    return import_string(path)()
  File "/Library/Frameworks/Python.framework/Versions/3.7/lib/python3.7/site-packages/django/utils/module_loading.py", line 17, in import_string
    module = import_module(module_path)
  File "/Library/Frameworks/Python.framework/Versions/3.7/lib/python3.7/importlib/__init__.py", line 127, in import_module
    return _bootstrap._gcd_import(name[level:], package, level)
  File "<frozen importlib._bootstrap>", line 1006, in _gcd_import
  File "<frozen importlib._bootstrap>", line 983, in _find_and_load
  File "<frozen importlib._bootstrap>", line 965, in _find_and_load_unlocked
ModuleNotFoundError: No module named 'backends'
ERROR 18/Feb/2021 17:41:28 basehttp 76073 123145400254464 "POST /auth/login HTTP/1.1" 500 84199
WARNING 18/Feb/2021 17:41:31 basehttp 76073 123145400254464 "GET /favicon.ico HTTP/1.1" 404 2648
INFO 18/Feb/2021 17:41:40 autoreload 76073 4763581952 /Users/va.efimov/Desktop/Python/Django/student/student/settings.py changed, reloading.
INFO 18/Feb/2021 17:41:42 autoreload 76113 4650311168 Watching for file changes with StatReloader
ERROR 18/Feb/2021 17:41:45 log 76113 123145446076416 Internal Server Error: /auth/login
Traceback (most recent call last):
  File "/Library/Frameworks/Python.framework/Versions/3.7/lib/python3.7/site-packages/django/core/handlers/exception.py", line 47, in inner
    response = get_response(request)
  File "/Library/Frameworks/Python.framework/Versions/3.7/lib/python3.7/site-packages/django/core/handlers/base.py", line 179, in _get_response
    response = wrapped_callback(request, *callback_args, **callback_kwargs)
  File "/Users/va.efimov/Desktop/Python/Django/student/users/views.py", line 16, in login_page
    user = authenticate()
  File "/Library/Frameworks/Python.framework/Versions/3.7/lib/python3.7/site-packages/django/contrib/auth/__init__.py", line 65, in authenticate
    for backend, backend_path in _get_backends(return_tuples=True):
  File "/Library/Frameworks/Python.framework/Versions/3.7/lib/python3.7/site-packages/django/contrib/auth/__init__.py", line 26, in _get_backends
    backend = load_backend(backend_path)
  File "/Library/Frameworks/Python.framework/Versions/3.7/lib/python3.7/site-packages/django/contrib/auth/__init__.py", line 20, in load_backend
    return import_string(path)()
  File "/Library/Frameworks/Python.framework/Versions/3.7/lib/python3.7/site-packages/django/utils/module_loading.py", line 17, in import_string
    module = import_module(module_path)
  File "/Library/Frameworks/Python.framework/Versions/3.7/lib/python3.7/importlib/__init__.py", line 127, in import_module
    return _bootstrap._gcd_import(name[level:], package, level)
  File "<frozen importlib._bootstrap>", line 1006, in _gcd_import
  File "<frozen importlib._bootstrap>", line 983, in _find_and_load
  File "<frozen importlib._bootstrap>", line 967, in _find_and_load_unlocked
  File "<frozen importlib._bootstrap>", line 677, in _load_unlocked
  File "<frozen importlib._bootstrap_external>", line 724, in exec_module
  File "<frozen importlib._bootstrap_external>", line 860, in get_code
  File "<frozen importlib._bootstrap_external>", line 791, in source_to_code
  File "<frozen importlib._bootstrap>", line 219, in _call_with_frames_removed
  File "/Users/va.efimov/Desktop/Python/Django/student/users/backends.py", line 19
    except User.DoesNotExist:
         ^
SyntaxError: invalid syntax
ERROR 18/Feb/2021 17:41:45 basehttp 76113 123145446076416 "POST /auth/login HTTP/1.1" 500 98486
ERROR 18/Feb/2021 17:41:59 log 76113 123145446076416 Internal Server Error: /auth/login
Traceback (most recent call last):
  File "/Library/Frameworks/Python.framework/Versions/3.7/lib/python3.7/site-packages/django/core/handlers/exception.py", line 47, in inner
    response = get_response(request)
  File "/Library/Frameworks/Python.framework/Versions/3.7/lib/python3.7/site-packages/django/core/handlers/base.py", line 179, in _get_response
    response = wrapped_callback(request, *callback_args, **callback_kwargs)
  File "/Users/va.efimov/Desktop/Python/Django/student/users/views.py", line 16, in login_page
    user = authenticate()
  File "/Library/Frameworks/Python.framework/Versions/3.7/lib/python3.7/site-packages/django/contrib/auth/__init__.py", line 65, in authenticate
    for backend, backend_path in _get_backends(return_tuples=True):
  File "/Library/Frameworks/Python.framework/Versions/3.7/lib/python3.7/site-packages/django/contrib/auth/__init__.py", line 26, in _get_backends
    backend = load_backend(backend_path)
  File "/Library/Frameworks/Python.framework/Versions/3.7/lib/python3.7/site-packages/django/contrib/auth/__init__.py", line 20, in load_backend
    return import_string(path)()
  File "/Library/Frameworks/Python.framework/Versions/3.7/lib/python3.7/site-packages/django/utils/module_loading.py", line 17, in import_string
    module = import_module(module_path)
  File "/Library/Frameworks/Python.framework/Versions/3.7/lib/python3.7/importlib/__init__.py", line 127, in import_module
    return _bootstrap._gcd_import(name[level:], package, level)
  File "<frozen importlib._bootstrap>", line 1006, in _gcd_import
  File "<frozen importlib._bootstrap>", line 983, in _find_and_load
  File "<frozen importlib._bootstrap>", line 967, in _find_and_load_unlocked
  File "<frozen importlib._bootstrap>", line 677, in _load_unlocked
  File "<frozen importlib._bootstrap_external>", line 724, in exec_module
  File "<frozen importlib._bootstrap_external>", line 860, in get_code
  File "<frozen importlib._bootstrap_external>", line 791, in source_to_code
  File "<frozen importlib._bootstrap>", line 219, in _call_with_frames_removed
  File "/Users/va.efimov/Desktop/Python/Django/student/users/backends.py", line 26
    except User.DoesNotExist:
    ^
IndentationError: unexpected unindent
ERROR 18/Feb/2021 17:41:59 basehttp 76113 123145446076416 "POST /auth/login HTTP/1.1" 500 98502
ERROR 18/Feb/2021 17:42:10 log 76113 123145446076416 Internal Server Error: /auth/login
Traceback (most recent call last):
  File "/Library/Frameworks/Python.framework/Versions/3.7/lib/python3.7/site-packages/django/core/handlers/exception.py", line 47, in inner
    response = get_response(request)
  File "/Library/Frameworks/Python.framework/Versions/3.7/lib/python3.7/site-packages/django/core/handlers/base.py", line 179, in _get_response
    response = wrapped_callback(request, *callback_args, **callback_kwargs)
  File "/Users/va.efimov/Desktop/Python/Django/student/users/views.py", line 16, in login_page
    user = authenticate()
  File "/Library/Frameworks/Python.framework/Versions/3.7/lib/python3.7/site-packages/django/contrib/auth/__init__.py", line 65, in authenticate
    for backend, backend_path in _get_backends(return_tuples=True):
  File "/Library/Frameworks/Python.framework/Versions/3.7/lib/python3.7/site-packages/django/contrib/auth/__init__.py", line 26, in _get_backends
    backend = load_backend(backend_path)
  File "/Library/Frameworks/Python.framework/Versions/3.7/lib/python3.7/site-packages/django/contrib/auth/__init__.py", line 20, in load_backend
    return import_string(path)()
  File "/Library/Frameworks/Python.framework/Versions/3.7/lib/python3.7/site-packages/django/utils/module_loading.py", line 17, in import_string
    module = import_module(module_path)
  File "/Library/Frameworks/Python.framework/Versions/3.7/lib/python3.7/importlib/__init__.py", line 127, in import_module
    return _bootstrap._gcd_import(name[level:], package, level)
  File "<frozen importlib._bootstrap>", line 1006, in _gcd_import
  File "<frozen importlib._bootstrap>", line 983, in _find_and_load
  File "<frozen importlib._bootstrap>", line 967, in _find_and_load_unlocked
  File "<frozen importlib._bootstrap>", line 677, in _load_unlocked
  File "<frozen importlib._bootstrap_external>", line 728, in exec_module
  File "<frozen importlib._bootstrap>", line 219, in _call_with_frames_removed
  File "/Users/va.efimov/Desktop/Python/Django/student/users/backends.py", line 1, in <module>
    from django.contrib.auth.models import check_password
ImportError: cannot import name 'check_password' from 'django.contrib.auth.models' (/Library/Frameworks/Python.framework/Versions/3.7/lib/python3.7/site-packages/django/contrib/auth/models.py)
ERROR 18/Feb/2021 17:42:10 basehttp 76113 123145446076416 "POST /auth/login HTTP/1.1" 500 106972
INFO 18/Feb/2021 17:43:14 autoreload 76171 4703710720 Watching for file changes with StatReloader
ERROR 18/Feb/2021 17:43:19 log 76171 123145407205376 Internal Server Error: /auth/login
Traceback (most recent call last):
  File "/Library/Frameworks/Python.framework/Versions/3.7/lib/python3.7/site-packages/django/utils/module_loading.py", line 20, in import_string
    return getattr(module, class_name)
AttributeError: module 'users.backends' has no attribute 'EmailAuthBackend'

The above exception was the direct cause of the following exception:

Traceback (most recent call last):
  File "/Library/Frameworks/Python.framework/Versions/3.7/lib/python3.7/site-packages/django/core/handlers/exception.py", line 47, in inner
    response = get_response(request)
  File "/Library/Frameworks/Python.framework/Versions/3.7/lib/python3.7/site-packages/django/core/handlers/base.py", line 179, in _get_response
    response = wrapped_callback(request, *callback_args, **callback_kwargs)
  File "/Users/va.efimov/Desktop/Python/Django/student/users/views.py", line 16, in login_page
    user = authenticate()
  File "/Library/Frameworks/Python.framework/Versions/3.7/lib/python3.7/site-packages/django/contrib/auth/__init__.py", line 65, in authenticate
    for backend, backend_path in _get_backends(return_tuples=True):
  File "/Library/Frameworks/Python.framework/Versions/3.7/lib/python3.7/site-packages/django/contrib/auth/__init__.py", line 26, in _get_backends
    backend = load_backend(backend_path)
  File "/Library/Frameworks/Python.framework/Versions/3.7/lib/python3.7/site-packages/django/contrib/auth/__init__.py", line 20, in load_backend
    return import_string(path)()
  File "/Library/Frameworks/Python.framework/Versions/3.7/lib/python3.7/site-packages/django/utils/module_loading.py", line 24, in import_string
    ) from err
ImportError: Module "users.backends" does not define a "EmailAuthBackend" attribute/class
ERROR 18/Feb/2021 17:43:19 basehttp 76171 123145407205376 "POST /auth/login HTTP/1.1" 500 80142
INFO 18/Feb/2021 17:43:36 autoreload 76171 4703710720 /Users/va.efimov/Desktop/Python/Django/student/users/backends.py changed, reloading.
INFO 18/Feb/2021 17:43:38 autoreload 76192 4571532800 Watching for file changes with StatReloader
INFO 18/Feb/2021 17:43:39 basehttp 76192 123145407131648 "POST /auth/login HTTP/1.1" 200 7024
INFO 18/Feb/2021 17:44:05 autoreload 76192 4571532800 /Users/va.efimov/Desktop/Python/Django/student/users/views.py changed, reloading.
INFO 18/Feb/2021 17:44:06 autoreload 76245 4453260800 Watching for file changes with StatReloader
ERROR 18/Feb/2021 17:44:10 log 76245 123145515900928 Internal Server Error: /auth/login
Traceback (most recent call last):
  File "/Library/Frameworks/Python.framework/Versions/3.7/lib/python3.7/site-packages/django/core/handlers/exception.py", line 47, in inner
    response = get_response(request)
  File "/Library/Frameworks/Python.framework/Versions/3.7/lib/python3.7/site-packages/django/core/handlers/base.py", line 179, in _get_response
    response = wrapped_callback(request, *callback_args, **callback_kwargs)
  File "/Users/va.efimov/Desktop/Python/Django/student/users/views.py", line 16, in login_page
    user = authenticate(data.email, data.password)
AttributeError: 'dict' object has no attribute 'email'
ERROR 18/Feb/2021 17:44:11 basehttp 76245 123145515900928 "POST /auth/login HTTP/1.1" 500 59109
INFO 18/Feb/2021 17:44:29 autoreload 76245 4453260800 /Users/va.efimov/Desktop/Python/Django/student/users/views.py changed, reloading.
INFO 18/Feb/2021 17:44:30 autoreload 76280 4608314880 Watching for file changes with StatReloader
ERROR 18/Feb/2021 17:44:33 log 76280 123145492713472 Internal Server Error: /auth/login
Traceback (most recent call last):
  File "/Library/Frameworks/Python.framework/Versions/3.7/lib/python3.7/site-packages/django/core/handlers/exception.py", line 47, in inner
    response = get_response(request)
  File "/Library/Frameworks/Python.framework/Versions/3.7/lib/python3.7/site-packages/django/core/handlers/base.py", line 179, in _get_response
    response = wrapped_callback(request, *callback_args, **callback_kwargs)
  File "/Users/va.efimov/Desktop/Python/Django/student/users/views.py", line 16, in login_page
    user = authenticate(data['email'], data['password'])
TypeError: authenticate() takes from 0 to 1 positional arguments but 2 were given
ERROR 18/Feb/2021 17:44:33 basehttp 76280 123145492713472 "POST /auth/login HTTP/1.1" 500 59179
INFO 18/Feb/2021 17:45:01 autoreload 76280 4608314880 /Users/va.efimov/Desktop/Python/Django/student/users/views.py changed, reloading.
INFO 18/Feb/2021 17:45:02 autoreload 76326 4395687424 Watching for file changes with StatReloader
ERROR 18/Feb/2021 17:45:07 log 76326 123145502900224 Internal Server Error: /auth/login
Traceback (most recent call last):
  File "/Library/Frameworks/Python.framework/Versions/3.7/lib/python3.7/site-packages/django/core/handlers/exception.py", line 47, in inner
    response = get_response(request)
  File "/Library/Frameworks/Python.framework/Versions/3.7/lib/python3.7/site-packages/django/core/handlers/base.py", line 179, in _get_response
    response = wrapped_callback(request, *callback_args, **callback_kwargs)
  File "/Users/va.efimov/Desktop/Python/Django/student/users/views.py", line 16, in login_page
    user = authenticate(request, username=data['email'], password=sdata['password'])
NameError: name 'sdata' is not defined
ERROR 18/Feb/2021 17:45:07 basehttp 76326 123145502900224 "POST /auth/login HTTP/1.1" 500 59103
INFO 18/Feb/2021 17:45:13 autoreload 76326 4395687424 /Users/va.efimov/Desktop/Python/Django/student/users/views.py changed, reloading.
INFO 18/Feb/2021 17:45:14 autoreload 76335 4559228416 Watching for file changes with StatReloader
INFO 18/Feb/2021 17:45:15 basehttp 76335 123145502388224 "POST /auth/login HTTP/1.1" 200 7024
INFO 18/Feb/2021 17:45:26 basehttp 76335 123145502388224 "POST /auth/login HTTP/1.1" 200 7024
INFO 18/Feb/2021 17:46:33 autoreload 76335 4559228416 /Users/va.efimov/Desktop/Python/Django/student/users/views.py changed, reloading.
INFO 18/Feb/2021 17:46:34 autoreload 76456 4746481152 Watching for file changes with StatReloader
INFO 18/Feb/2021 17:46:35 basehttp 76456 123145535242240 "POST /auth/login HTTP/1.1" 302 0
INFO 18/Feb/2021 17:46:36 basehttp 76456 123145535242240 "GET / HTTP/1.1" 200 5904
INFO 18/Feb/2021 17:46:36 basehttp 76456 123145535242240 "GET /static/css/styles.css HTTP/1.1" 304 0
INFO 18/Feb/2021 17:46:38 basehttp 76456 123145535242240 "GET /cabinet HTTP/1.1" 200 5887
INFO 18/Feb/2021 17:46:39 basehttp 76456 123145535242240 "GET /auth/logout HTTP/1.1" 302 0
INFO 18/Feb/2021 17:46:40 basehttp 76456 123145535242240 "GET / HTTP/1.1" 200 5916
INFO 18/Feb/2021 17:46:41 basehttp 76456 123145535242240 "GET /auth/login HTTP/1.1" 200 7009
ERROR 18/Feb/2021 17:46:54 log 76456 123145535242240 Internal Server Error: /auth/login
Traceback (most recent call last):
  File "/Library/Frameworks/Python.framework/Versions/3.7/lib/python3.7/site-packages/django/core/handlers/exception.py", line 47, in inner
    response = get_response(request)
  File "/Library/Frameworks/Python.framework/Versions/3.7/lib/python3.7/site-packages/django/core/handlers/base.py", line 179, in _get_response
    response = wrapped_callback(request, *callback_args, **callback_kwargs)
  File "/Users/va.efimov/Desktop/Python/Django/student/users/views.py", line 27, in login_page
    return render(request, "login.html", context = context)
  File "/Library/Frameworks/Python.framework/Versions/3.7/lib/python3.7/site-packages/django/shortcuts.py", line 19, in render
    content = loader.render_to_string(template_name, context, request, using=using)
  File "/Library/Frameworks/Python.framework/Versions/3.7/lib/python3.7/site-packages/django/template/loader.py", line 61, in render_to_string
    template = get_template(template_name, using=using)
  File "/Library/Frameworks/Python.framework/Versions/3.7/lib/python3.7/site-packages/django/template/loader.py", line 15, in get_template
    return engine.get_template(template_name)
  File "/Library/Frameworks/Python.framework/Versions/3.7/lib/python3.7/site-packages/django/template/backends/django.py", line 34, in get_template
    return Template(self.engine.get_template(template_name), self)
  File "/Library/Frameworks/Python.framework/Versions/3.7/lib/python3.7/site-packages/django/template/engine.py", line 143, in get_template
    template, origin = self.find_template(template_name)
  File "/Library/Frameworks/Python.framework/Versions/3.7/lib/python3.7/site-packages/django/template/engine.py", line 125, in find_template
    template = loader.get_template(name, skip=skip)
  File "/Library/Frameworks/Python.framework/Versions/3.7/lib/python3.7/site-packages/django/template/loaders/base.py", line 30, in get_template
    contents, origin, origin.template_name, self.engine,
  File "/Library/Frameworks/Python.framework/Versions/3.7/lib/python3.7/site-packages/django/template/base.py", line 155, in __init__
    self.nodelist = self.compile_nodelist()
  File "/Library/Frameworks/Python.framework/Versions/3.7/lib/python3.7/site-packages/django/template/base.py", line 193, in compile_nodelist
    return parser.parse()
  File "/Library/Frameworks/Python.framework/Versions/3.7/lib/python3.7/site-packages/django/template/base.py", line 478, in parse
    raise self.error(token, e)
  File "/Library/Frameworks/Python.framework/Versions/3.7/lib/python3.7/site-packages/django/template/base.py", line 476, in parse
    compiled_result = compile_func(self, token)
  File "/Library/Frameworks/Python.framework/Versions/3.7/lib/python3.7/site-packages/django/template/loader_tags.py", line 270, in do_extends
    nodelist = parser.parse()
  File "/Library/Frameworks/Python.framework/Versions/3.7/lib/python3.7/site-packages/django/template/base.py", line 478, in parse
    raise self.error(token, e)
  File "/Library/Frameworks/Python.framework/Versions/3.7/lib/python3.7/site-packages/django/template/base.py", line 476, in parse
    compiled_result = compile_func(self, token)
  File "/Library/Frameworks/Python.framework/Versions/3.7/lib/python3.7/site-packages/django/template/loader_tags.py", line 213, in do_block
    nodelist = parser.parse(('endblock',))
  File "/Library/Frameworks/Python.framework/Versions/3.7/lib/python3.7/site-packages/django/template/base.py", line 449, in parse
    raise self.error(token, e)
  File "/Library/Frameworks/Python.framework/Versions/3.7/lib/python3.7/site-packages/django/template/base.py", line 447, in parse
    filter_expression = self.compile_filter(token.contents)
  File "/Library/Frameworks/Python.framework/Versions/3.7/lib/python3.7/site-packages/django/template/base.py", line 563, in compile_filter
    return FilterExpression(token, self)
  File "/Library/Frameworks/Python.framework/Versions/3.7/lib/python3.7/site-packages/django/template/base.py", line 663, in __init__
    "from '%s'" % (token[upto:], token))
django.template.exceptions.TemplateSyntaxError: Could not parse the remainder: ' or ''' from 'form.email.value or '''
ERROR 18/Feb/2021 17:46:54 basehttp 76456 123145535242240 "GET /auth/login HTTP/1.1" 500 166872
INFO 18/Feb/2021 17:47:28 basehttp 76456 123145535242240 "GET /auth/login HTTP/1.1" 200 7005
INFO 18/Feb/2021 17:47:37 basehttp 76456 123145535242240 "POST /auth/login HTTP/1.1" 200 7243
INFO 18/Feb/2021 17:48:37 autoreload 76456 4746481152 /Users/va.efimov/Desktop/Python/Django/student/users/views.py changed, reloading.
INFO 18/Feb/2021 17:48:40 autoreload 76609 4568165888 Watching for file changes with StatReloader
INFO 18/Feb/2021 17:48:43 basehttp 76609 123145460322304 "POST /auth/login HTTP/1.1" 200 7404
INFO 18/Feb/2021 17:49:02 basehttp 76609 123145460322304 "POST /auth/login HTTP/1.1" 200 7358
INFO 18/Feb/2021 17:49:13 basehttp 76609 123145460322304 "GET /auth/login?next=/catalog HTTP/1.1" 200 7005
INFO 18/Feb/2021 17:49:56 autoreload 76609 4568165888 /Users/va.efimov/Desktop/Python/Django/student/users/views.py changed, reloading.
INFO 18/Feb/2021 17:49:57 autoreload 76713 4539350528 Watching for file changes with StatReloader
INFO 18/Feb/2021 17:50:07 autoreload 76713 4539350528 /Users/va.efimov/Desktop/Python/Django/student/users/views.py changed, reloading.
INFO 18/Feb/2021 17:50:08 autoreload 76732 4608024064 Watching for file changes with StatReloader
INFO 18/Feb/2021 17:50:16 basehttp 76732 123145363173376 "POST /auth/login?next=/catalog HTTP/1.1" 302 0
WARNING 18/Feb/2021 17:50:16 basehttp 76732 123145363173376 "GET /catalog HTTP/1.1" 404 2636
INFO 18/Feb/2021 17:50:21 basehttp 76732 123145363173376 "GET / HTTP/1.1" 200 5904
INFO 18/Feb/2021 17:50:23 basehttp 76732 123145363173376 "GET /cabinet HTTP/1.1" 200 5887
INFO 18/Feb/2021 17:50:52 basehttp 76732 123145363173376 "GET /cabinet HTTP/1.1" 200 5900
INFO 18/Feb/2021 17:51:10 basehttp 76732 123145363173376 "GET /cabinet HTTP/1.1" 200 5900
INFO 18/Feb/2021 17:52:48 autoreload 76732 4608024064 /Users/va.efimov/Desktop/Python/Django/student/users/forms.py changed, reloading.
INFO 18/Feb/2021 17:52:51 autoreload 76944 4670488064 Watching for file changes with StatReloader
INFO 18/Feb/2021 17:54:36 autoreload 76944 4670488064 /Users/va.efimov/Desktop/Python/Django/student/users/forms.py changed, reloading.
INFO 18/Feb/2021 17:54:38 autoreload 77031 4637834752 Watching for file changes with StatReloader
INFO 18/Feb/2021 17:59:28 autoreload 77031 4637834752 /Users/va.efimov/Desktop/Python/Django/student/users/forms.py changed, reloading.
INFO 18/Feb/2021 17:59:30 autoreload 77282 4510363136 Watching for file changes with StatReloader
INFO 18/Feb/2021 17:59:47 basehttp 77282 123145548619776 "GET /cabinet HTTP/1.1" 200 7499
INFO 18/Feb/2021 17:59:51 autoreload 77282 4510363136 /Users/va.efimov/Desktop/Python/Django/student/users/backends.py changed, reloading.
INFO 18/Feb/2021 17:59:52 autoreload 77303 4636847616 Watching for file changes with StatReloader
INFO 18/Feb/2021 18:03:59 autoreload 77303 4636847616 /Users/va.efimov/Desktop/Python/Django/student/users/views.py changed, reloading.
INFO 18/Feb/2021 18:04:01 autoreload 77684 4680453632 Watching for file changes with StatReloader
ERROR 18/Feb/2021 18:05:27 log 77684 123145357193216 Internal Server Error: /cabinet
Traceback (most recent call last):
  File "/Library/Frameworks/Python.framework/Versions/3.7/lib/python3.7/site-packages/django/core/handlers/exception.py", line 47, in inner
    response = get_response(request)
  File "/Library/Frameworks/Python.framework/Versions/3.7/lib/python3.7/site-packages/django/core/handlers/base.py", line 179, in _get_response
    response = wrapped_callback(request, *callback_args, **callback_kwargs)
  File "/Users/va.efimov/Desktop/Python/Django/student/main/views.py", line 16, in cabinet
    return render(request, "cabinet/cabinet.html")
  File "/Library/Frameworks/Python.framework/Versions/3.7/lib/python3.7/site-packages/django/shortcuts.py", line 19, in render
    content = loader.render_to_string(template_name, context, request, using=using)
  File "/Library/Frameworks/Python.framework/Versions/3.7/lib/python3.7/site-packages/django/template/loader.py", line 62, in render_to_string
    return template.render(context, request)
  File "/Library/Frameworks/Python.framework/Versions/3.7/lib/python3.7/site-packages/django/template/backends/django.py", line 61, in render
    return self.template.render(context)
  File "/Library/Frameworks/Python.framework/Versions/3.7/lib/python3.7/site-packages/django/template/base.py", line 170, in render
    return self._render(context)
  File "/Library/Frameworks/Python.framework/Versions/3.7/lib/python3.7/site-packages/django/template/base.py", line 162, in _render
    return self.nodelist.render(context)
  File "/Library/Frameworks/Python.framework/Versions/3.7/lib/python3.7/site-packages/django/template/base.py", line 938, in render
    bit = node.render_annotated(context)
  File "/Library/Frameworks/Python.framework/Versions/3.7/lib/python3.7/site-packages/django/template/base.py", line 905, in render_annotated
    return self.render(context)
  File "/Library/Frameworks/Python.framework/Versions/3.7/lib/python3.7/site-packages/django/template/loader_tags.py", line 150, in render
    return compiled_parent._render(context)
  File "/Library/Frameworks/Python.framework/Versions/3.7/lib/python3.7/site-packages/django/template/base.py", line 162, in _render
    return self.nodelist.render(context)
  File "/Library/Frameworks/Python.framework/Versions/3.7/lib/python3.7/site-packages/django/template/base.py", line 938, in render
    bit = node.render_annotated(context)
  File "/Library/Frameworks/Python.framework/Versions/3.7/lib/python3.7/site-packages/django/template/base.py", line 905, in render_annotated
    return self.render(context)
  File "/Library/Frameworks/Python.framework/Versions/3.7/lib/python3.7/site-packages/django/template/loader_tags.py", line 62, in render
    result = block.nodelist.render(context)
  File "/Library/Frameworks/Python.framework/Versions/3.7/lib/python3.7/site-packages/django/template/base.py", line 938, in render
    bit = node.render_annotated(context)
  File "/Library/Frameworks/Python.framework/Versions/3.7/lib/python3.7/site-packages/django/template/base.py", line 905, in render_annotated
    return self.render(context)
  File "/Library/Frameworks/Python.framework/Versions/3.7/lib/python3.7/site-packages/django/template/defaulttags.py", line 446, in render
    url = reverse(view_name, args=args, kwargs=kwargs, current_app=current_app)
  File "/Library/Frameworks/Python.framework/Versions/3.7/lib/python3.7/site-packages/django/urls/base.py", line 87, in reverse
    return iri_to_uri(resolver._reverse_with_prefix(view, prefix, *args, **kwargs))
  File "/Library/Frameworks/Python.framework/Versions/3.7/lib/python3.7/site-packages/django/urls/resolvers.py", line 685, in _reverse_with_prefix
    raise NoReverseMatch(msg)
django.urls.exceptions.NoReverseMatch: Reverse for 'change_password' not found. 'change_password' is not a valid view function or pattern name.
ERROR 18/Feb/2021 18:05:28 basehttp 77684 123145357193216 "GET /cabinet HTTP/1.1" 500 147353
INFO 18/Feb/2021 18:05:46 autoreload 77684 4680453632 /Users/va.efimov/Desktop/Python/Django/student/users/urls.py changed, reloading.
INFO 18/Feb/2021 18:05:47 autoreload 77771 4560829952 Watching for file changes with StatReloader
INFO 18/Feb/2021 18:05:49 basehttp 77771 123145319038976 "GET /cabinet HTTP/1.1" 200 5921
INFO 18/Feb/2021 18:05:49 basehttp 77771 123145319038976 "GET /static/css/styles.css HTTP/1.1" 304 0
INFO 18/Feb/2021 18:05:51 basehttp 77771 123145319038976 "GET /auth/change_password HTTP/1.1" 200 5483
INFO 18/Feb/2021 18:06:04 basehttp 77771 123145319038976 "GET /auth/change_password HTTP/1.1" 200 5500
INFO 18/Feb/2021 18:06:13 basehttp 77771 123145319038976 "POST /auth/change_password HTTP/1.1" 200 5500
WARNING 18/Feb/2021 18:06:16 basehttp 77771 123145319038976 "GET /favicon.ico HTTP/1.1" 404 2839
INFO 18/Feb/2021 18:06:36 autoreload 77771 4560829952 /Users/va.efimov/Desktop/Python/Django/student/users/views.py changed, reloading.
INFO 18/Feb/2021 18:06:38 autoreload 77844 4461669888 Watching for file changes with StatReloader
INFO 18/Feb/2021 18:06:41 basehttp 77844 123145552416768 "POST /auth/change_password HTTP/1.1" 200 5500
WARNING 18/Feb/2021 18:06:45 basehttp 77844 123145552416768 "GET /favicon.ico HTTP/1.1" 404 2839
INFO 18/Feb/2021 18:08:48 autoreload 77928 4581883392 Watching for file changes with StatReloader
INFO 18/Feb/2021 18:10:52 basehttp 77928 123145380122624 "POST /auth/change_password HTTP/1.1" 200 6115
INFO 18/Feb/2021 18:11:25 basehttp 77928 123145380122624 "POST /auth/change_password HTTP/1.1" 200 6133
INFO 18/Feb/2021 18:11:54 basehttp 77928 123145380122624 "POST /auth/change_password HTTP/1.1" 200 6218
INFO 18/Feb/2021 18:12:20 basehttp 77928 123145380122624 "POST /auth/change_password HTTP/1.1" 200 6215
INFO 18/Feb/2021 18:12:55 basehttp 77928 123145380122624 "GET /cabinet HTTP/1.1" 200 5921
INFO 18/Feb/2021 18:13:16 basehttp 77928 123145380122624 "GET /auth/change_password HTTP/1.1" 200 5505
INFO 18/Feb/2021 18:13:20 basehttp 77928 123145380122624 "GET /cabinet HTTP/1.1" 200 5921
INFO 18/Feb/2021 18:13:21 basehttp 77928 123145380122624 "GET /auth/logout HTTP/1.1" 302 0
INFO 18/Feb/2021 18:13:22 basehttp 77928 123145380122624 "GET / HTTP/1.1" 200 5916
INFO 18/Feb/2021 18:13:23 basehttp 77928 123145380122624 "GET /auth/login HTTP/1.1" 200 7005
INFO 18/Feb/2021 18:13:31 basehttp 77928 123145380122624 "POST /auth/login HTTP/1.1" 302 0
INFO 18/Feb/2021 18:13:31 basehttp 77928 123145380122624 "GET / HTTP/1.1" 200 5917
INFO 18/Feb/2021 18:13:33 basehttp 77928 123145380122624 "GET /cabinet HTTP/1.1" 200 5921
INFO 18/Feb/2021 18:13:35 basehttp 77928 123145380122624 "GET /auth/change_password HTTP/1.1" 200 5505
INFO 18/Feb/2021 18:13:40 basehttp 77928 123145380122624 "POST /auth/change_password HTTP/1.1" 200 6240
INFO 18/Feb/2021 18:13:41 basehttp 77928 123145380122624 "GET /cabinet HTTP/1.1" 200 5921
INFO 18/Feb/2021 18:13:42 basehttp 77928 123145380122624 "GET /auth/logout HTTP/1.1" 302 0
INFO 18/Feb/2021 18:13:42 basehttp 77928 123145380122624 "GET / HTTP/1.1" 200 5916
INFO 18/Feb/2021 18:13:44 basehttp 77928 123145380122624 "GET /auth/login HTTP/1.1" 200 7005
INFO 18/Feb/2021 18:13:51 basehttp 77928 123145380122624 "POST /auth/login HTTP/1.1" 200 7358
INFO 18/Feb/2021 18:14:12 autoreload 77928 4581883392 /Users/va.efimov/Desktop/Python/Django/student/users/views.py changed, reloading.
INFO 18/Feb/2021 18:14:13 autoreload 78268 4412325376 Watching for file changes with StatReloader
INFO 18/Feb/2021 18:14:16 autoreload 78268 4412325376 /Users/va.efimov/Desktop/Python/Django/student/users/views.py changed, reloading.
INFO 18/Feb/2021 18:14:18 autoreload 78280 4552285696 Watching for file changes with StatReloader
INFO 18/Feb/2021 18:14:20 basehttp 78280 123145323044864 "POST /auth/login HTTP/1.1" 302 0
INFO 18/Feb/2021 18:14:20 basehttp 78280 123145323044864 "GET / HTTP/1.1" 200 5917
INFO 18/Feb/2021 18:14:22 basehttp 78280 123145323044864 "GET /cabinet HTTP/1.1" 200 5921
INFO 18/Feb/2021 18:14:25 basehttp 78280 123145323044864 "GET /auth/change_password HTTP/1.1" 200 5505
INFO 18/Feb/2021 18:14:33 basehttp 78280 123145323044864 "POST /auth/change_password HTTP/1.1" 200 5743
WARNING 18/Feb/2021 18:14:33 basehttp 78280 123145323044864 "GET /favicon.ico HTTP/1.1" 404 2839
INFO 18/Feb/2021 18:14:39 basehttp 78280 123145323044864 "POST /auth/change_password HTTP/1.1" 200 6240
INFO 18/Feb/2021 18:14:41 basehttp 78280 123145323044864 "GET /cabinet HTTP/1.1" 200 5914
INFO 18/Feb/2021 18:14:43 basehttp 78280 123145323044864 "GET /auth/logout HTTP/1.1" 302 0
INFO 18/Feb/2021 18:14:43 basehttp 78280 123145323044864 "GET / HTTP/1.1" 200 5916
INFO 18/Feb/2021 18:14:44 basehttp 78280 123145323044864 "GET /auth/login HTTP/1.1" 200 7005
INFO 18/Feb/2021 18:14:55 basehttp 78280 123145323044864 "POST /auth/login HTTP/1.1" 302 0
INFO 18/Feb/2021 18:14:55 basehttp 78280 123145323044864 "GET / HTTP/1.1" 200 5917
WARNING 18/Feb/2021 18:14:56 basehttp 78280 123145323044864 "GET /favicon.ico HTTP/1.1" 404 2839
INFO 18/Feb/2021 18:14:58 basehttp 78280 123145323044864 "GET /cabinet HTTP/1.1" 200 5921
INFO 18/Feb/2021 18:14:59 basehttp 78280 123145323044864 "GET /auth/change_password HTTP/1.1" 200 5505
INFO 18/Feb/2021 18:15:04 basehttp 78280 123145323044864 "POST /auth/change_password HTTP/1.1" 200 6240
INFO 18/Feb/2021 18:15:07 basehttp 78280 123145323044864 "GET /cabinet HTTP/1.1" 200 5914
